[debug] [2024-01-11T12:42:15.403Z] ----------------------------------------------------------------------
[debug] [2024-01-11T12:42:15.406Z] Command:       C:\Program Files\nodejs\node.exe C:\Users\99557\AppData\Roaming\npm\node_modules\firebase-tools\lib\bin\firebase.js init
[debug] [2024-01-11T12:42:15.406Z] CLI Version:   13.0.3
[debug] [2024-01-11T12:42:15.407Z] Platform:      win32
[debug] [2024-01-11T12:42:15.407Z] Node Version:  v18.17.1
[debug] [2024-01-11T12:42:15.408Z] Time:          Thu Jan 11 2024 16:42:15 GMT+0400 (Georgia Standard Time)
[debug] [2024-01-11T12:42:15.408Z] ----------------------------------------------------------------------
[debug] 
[debug] [2024-01-11T12:42:15.417Z] > command requires scopes: ["email","openid","https://www.googleapis.com/auth/cloudplatformprojects.readonly","https://www.googleapis.com/auth/firebase","https://www.googleapis.com/auth/cloud-platform"]
[debug] [2024-01-11T12:42:15.418Z] > authorizing via signed-in user (maci.abesadze@gmail.com)
[info] 
     ######## #### ########  ######## ########     ###     ######  ########
     ##        ##  ##     ## ##       ##     ##  ##   ##  ##       ##
     ######    ##  ########  ######   ########  #########  ######  ######
     ##        ##  ##    ##  ##       ##     ## ##     ##       ## ##
     ##       #### ##     ## ######## ########  ##     ##  ######  ########

You're about to initialize a Firebase project in this directory:

  C:\Users\99557\Desktop\amazon-clone

[info] 
=== Project Setup
[info] 
[info] First, let's associate this project directory with a Firebase project.
[info] You can create multiple project aliases by running firebase use --add, 
[info] but for now we'll just set up a default project.
[info] 
[debug] [2024-01-11T12:42:40.004Z] > refreshing access token with scopes: []
[debug] [2024-01-11T12:42:40.009Z] >>> [apiv2][query] POST https://www.googleapis.com/oauth2/v3/token [none]
[debug] [2024-01-11T12:42:40.010Z] >>> [apiv2][body] POST https://www.googleapis.com/oauth2/v3/token [omitted]
[debug] [2024-01-11T12:42:40.440Z] <<< [apiv2][status] POST https://www.googleapis.com/oauth2/v3/token 200
[debug] [2024-01-11T12:42:40.441Z] <<< [apiv2][body] POST https://www.googleapis.com/oauth2/v3/token [omitted]
[debug] [2024-01-11T12:42:40.454Z] >>> [apiv2][query] GET https://firebase.googleapis.com/v1beta1/projects pageSize=100
[debug] [2024-01-11T12:42:41.576Z] <<< [apiv2][status] GET https://firebase.googleapis.com/v1beta1/projects 200
[debug] [2024-01-11T12:42:41.576Z] <<< [apiv2][body] GET https://firebase.googleapis.com/v1beta1/projects [omitted]
